<?xml version="1.0" encoding="UTF-8"?>
<testng-results skipped="0" failed="0" ignored="0" total="1" passed="1">
  <reporter-output>
  </reporter-output>
  <suite name="Default suite" duration-ms="61639" started-at="2019-10-30T09:59:49Z" finished-at="2019-10-30T10:00:51Z">
    <groups>
    </groups>
    <test name="Default test" duration-ms="61639" started-at="2019-10-30T09:59:49Z" finished-at="2019-10-30T10:00:51Z">
      <class name="com.Upskill.ibm.TestCases_WEEK1">
        <test-method status="PASS" signature="InitializingBrowser()[pri:0, instance:com.Upskill.ibm.TestCases_WEEK1@4cc0edeb]" name="InitializingBrowser" is-config="true" duration-ms="50796" started-at="2019-10-30T09:59:49Z" finished-at="2019-10-30T10:00:40Z">
          <reporter-output>
          </reporter-output>
        </test-method> <!-- InitializingBrowser -->
        <test-method status="PASS" signature="testCase4()[pri:0, instance:com.Upskill.ibm.TestCases_WEEK1@4cc0edeb]" name="testCase4" duration-ms="9865" started-at="2019-10-30T10:00:40Z" finished-at="2019-10-30T10:00:50Z">
          <reporter-output>
          </reporter-output>
        </test-method> <!-- testCase4 -->
        <test-method status="PASS" signature="CloseProcessAndBrowser()[pri:0, instance:com.Upskill.ibm.TestCases_WEEK1@4cc0edeb]" name="CloseProcessAndBrowser" is-config="true" duration-ms="950" started-at="2019-10-30T10:00:50Z" finished-at="2019-10-30T10:00:51Z">
          <reporter-output>
          </reporter-output>
        </test-method> <!-- CloseProcessAndBrowser -->
      </class> <!-- com.Upskill.ibm.TestCases_WEEK1 -->
    </test> <!-- Default test -->
  </suite> <!-- Default suite -->
</testng-results>
